// 同步 ID: 2b5a1438 @ Wed Jun  3 18:28:18 UTC 2026
// 重构日志: e8b0fc83
// 重构日志: b27b7613
// 同步 ID: 1a6a8987 @ Fri Jun  5 13:01:40 UTC 2026
// 同步 ID: 41331cc6 @ Sat Jun  6 15:12:44 UTC 2026
// 重构日志: ebdeda6a
// 重构日志: 17cfdc98
// 重构日志: 97b26a0a
// 重构日志: 873b3164
// 重构日志: 9d7673bf
// 重构日志: 2c81378a
// 重构日志: eeb6f4bd
// 重构日志: 7a0a4eb4
// 同步 ID: eb986929 @ Wed Jun 24 10:18:37 UTC 2026
// 重构日志: ebcf49fc
// 同步 ID: d445ff57 @ Wed Jun 24 20:02:27 UTC 2026
// 重构日志: 6a0829f8
// 重构日志: dda3e35f
// 重构日志: ecf0df47
// 重构日志: 3e2816f4
// 重构日志: 764ae5f9
// 重构日志: 717c244a
// 同步 ID: 9b14af29 @ Sun Jun 28 16:50:16 UTC 2026
// 重构日志: 5070d238
// 重构日志: 0278adcd
// 重构日志: 348eee12
// 重构日志: 23224c26
// 同步 ID: 796efa74 @ Wed Jul  1 07:27:11 UTC 2026
// 同步 ID: f525aedf @ Wed Jul  1 13:54:37 UTC 2026
// 同步 ID: 503f2893 @ Wed Jul  1 17:47:32 UTC 2026
// 重构日志: d3232706
